  KIMST - TPR prediction.cpp
C:\Users\DBLab\source\repos\KIMST - TPR prediction\TPR\ICMSCalculator.h(11,1): warning C4005: 'PI': macro redefinition
C:\Users\DBLab\source\repos\KIMST - TPR prediction\TPR\Node.h(13): message : see previous definition of 'PI'
C:\Users\DBLab\source\repos\KIMST - TPR prediction\TPR\CEntry.h(43,27): warning C4244: 'argument': conversion from 'double' to 'unsigned long', possible loss of data
C:\Users\DBLab\source\repos\KIMST - TPR prediction\TPR\Node.h(159,38): warning C4244: '=': conversion from 'double' to 'unsigned long', possible loss of data
C:\Users\DBLab\source\repos\KIMST - TPR prediction\Vessel.h(4,16): warning C4099: 'CPosition': type name first seen using 'struct' now seen using 'class'
C:\Users\DBLab\source\repos\KIMST - TPR prediction\TPR\CEntry.h(12): message : see declaration of 'CPosition'
C:\Users\DBLab\source\repos\KIMST - TPR prediction\KIMST - TPR prediction.cpp(50,35): warning C4018: '<': signed/unsigned mismatch
C:\Users\DBLab\source\repos\KIMST - TPR prediction\KIMST - TPR prediction.cpp(118,35): warning C4244: '=': conversion from 'double' to 'int', possible loss of data
C:\Users\DBLab\source\repos\KIMST - TPR prediction\KIMST - TPR prediction.cpp(83,9): warning C4101: 'objNum': unreferenced local variable
  Predictor.cpp
C:\Users\DBLab\source\repos\KIMST - TPR prediction\TPR\CEntry.h(13,1): warning C4099: 'CPosition': type name first seen using 'class' now seen using 'struct'
C:\Users\DBLab\source\repos\KIMST - TPR prediction\TPR\CEntry.h(12): message : see declaration of 'CPosition'
C:\Users\DBLab\source\repos\KIMST - TPR prediction\TPR\CEntry.h(43,27): warning C4244: 'argument': conversion from 'double' to 'unsigned long', possible loss of data
C:\Users\DBLab\source\repos\KIMST - TPR prediction\Predictor.cpp(14,21): warning C4018: '<': signed/unsigned mismatch
  Vessel.cpp
C:\Users\DBLab\source\repos\KIMST - TPR prediction\Vessel.h(16,8): error C2143: syntax error: missing ';' before '<'
C:\Users\DBLab\source\repos\KIMST - TPR prediction\Vessel.h(16,8): error C4430: missing type specifier - int assumed. Note: C++ does not support default-int
C:\Users\DBLab\source\repos\KIMST - TPR prediction\Vessel.h(16,20): error C2238: unexpected token(s) preceding ';'
C:\Users\DBLab\source\repos\KIMST - TPR prediction\TPR\CEntry.h(13,1): warning C4099: 'CPosition': type name first seen using 'class' now seen using 'struct'
C:\Users\DBLab\source\repos\KIMST - TPR prediction\TPR\CEntry.h(12): message : see declaration of 'CPosition'
C:\Users\DBLab\source\repos\KIMST - TPR prediction\TPR\CEntry.h(43,27): warning C4244: 'argument': conversion from 'double' to 'unsigned long', possible loss of data
C:\Users\DBLab\source\repos\KIMST - TPR prediction\Vessel.cpp(32,2): error C2065: 'bt': undeclared identifier
C:\Users\DBLab\source\repos\KIMST - TPR prediction\Vessel.cpp(32,12): error C2065: 'bt': undeclared identifier
  Generating Code...
